1.BadBoys--MichaelBay(1995,R,6.8)
2.IndependenceDay--RolandEmmerich(1996,PG-13,6.9)
3.MeninBlack--BarrySonnenfeld(1997,PG-13,7.3)
4.EnemyoftheState--TonyScott(1998,R,7.3)
5.WildWildWest--BarrySonnenfeld(1999,PG-13,4.8)
6.TheLegendofBaggerVance--RobertRedford(2000,PG-13,6.7)
7.Ali--MichaelMann(2001,R,6.8)
8.MeninBlackII--BarrySonnenfeld(2002,PG-13,6.1)
9.BadBoysII--MichaelBay(2003,R,6.6)
10.I,Robot--AlexProyas(2004,PG-13,7.1)
11.Hitch--AndyTennant(2005,PG-13,6.6)
12.ThePursuitofHappyness--GabrieleMuccino(2006,PG-13,8.0)
13.IAmLegend--FrancisLawrence(2007,PG-13,7.2)
14.Hancock--PeterBerg(2008,PG-13,6.4)
15.SevenPounds--GabrieleMuccino(2008,PG-13,7.7)
16.MeninBlack3--BarrySonnenfeld(2012,PG-13,6.8)
17.AfterEarth--M.NightShyamalan(2013,PG-13,4.9)
18.Concussion--PeterLandesman(2015,PG-13,7.1)
19.Focus--GlennFicarra(2015,R,6.6)
20.SuicideSquad--DavidAyer(2016,PG-13,6.9)
