1.WarGames(1983,PG,7.1)[Sci-Fi,Thriller]
2.TheCryingGame(1992,R,7.3)[Crime,Drama,Romance,Thriller]
3.PatriotGames(1992,R,6.9)[Action,Thriller]
4.TheGame(1997,R,7.8)[Drama,Mystery,Thriller]
5.HeGotGame(1998,R,6.9)[Drama,Sport]
6.ForLoveoftheGame(1999,PG-13,6.5)[Drama,Romance,Sport]
7.ReindeerGames(2000,R,5.7)[Action,Adventure,Crime,Drama,Family,Fantasy,Romance,Thriller]
8.Highlander:Endgame(2000,R,4.6)[Action,Adventure,Fantasy,Sci-Fi]
9.SpyGame(2001,R,7.0)[Action,Crime,Thriller]
10.TwoCanPlayThatGame(2001,R,6.1)[Comedy,Romance]
11.Ripley'sGame(2002,R,6.7)[Crime,Drama,Mystery,Thriller]
12.SpyKids3-D:GameOver(2003,PG,4.1)[Action,Adventure,Comedy,Family,Sci-Fi]
13.TheGreatestGameEverPlayed(2005,PG,7.5)[Drama,History,Sport]
14.TheGameofTheirLives(2005,PG,6.2)[Drama,History,Sport]
15.FunnyGames(2007,R,6.5)[Crime,Drama,Horror,Thriller]
16.FinishingtheGame:TheSearchforaNewBruceLee(2007,NotRated,6.2)[Comedy]
17.TheGamePlan(2007,PG,6.2)[Comedy,Family,Sport]
18.AsterixattheOlympicGames(2008,5.1)[Adventure,Comedy,Family,Fantasy]
19.ThePerfectGame(2009,PG,7.0)[Comedy,Drama,Family,Sport]
20.Gamer(2009,R,5.8)[Action,Sci-Fi,Thriller]
21.FairGame(2010,PG-13,6.8)[Biography,Drama,Thriller]
22.SherlockHolmes:AGameofShadows(2011,PG-13,7.5)[Action,Adventure,Crime,Mystery,Thriller]
23.IndieGame:TheMovie(2012,NotRated,7.7)[Documentary]
24.TheHungerGames(2012,PG-13,7.3)[Adventure,Drama,Sci-Fi,Thriller]
25.TheHungerGames:CatchingFire(2013,PG-13,7.6)[Adventure,Sci-Fi,Thriller]
26.Ender'sGame(2013,PG-13,6.7)[Action,Sci-Fi]
27.TheImitationGame(2014,PG-13,8.1)[Biography,Drama,Thriller,War]
28.TheHungerGames:Mockingjay-Part1(2014,PG-13,6.7)[Adventure,Sci-Fi,Thriller]
29.WhentheGameStandsTall(2014,PG,6.7)[Drama,Family,Sport]
30.TheHungerGames:Mockingjay-Part2(2015,PG-13,6.6)[Adventure,Sci-Fi]
