1.Stargate:TheArkofTruth(2008)[3,1,7.4,15862]
2.TheAstronautFarmer(2006)[3,1,6.3,19707]
3.Daredevil[3,0,8.8,213483]
4.StargateSG-1[3,0,8.4,63982]
5.GodzillaResurgence(2016)[3,0,8.2,374]
6.TheMartian(2015)[3,0,8.1,472488]
7.TheIronGiant(1999)[3,0,8.0,128455]
8.BigHero6(2014)[3,0,7.9,279093]
9.StarWars:TheCloneWars[3,0,7.9,28190]
10.Gravity(2013)[3,0,7.8,582917]
11.DawnofthePlanetoftheApes(2014)[3,0,7.6,317542]
12.TheAbyss(1989)[3,0,7.6,131217]
13.StarTrek:FirstContact(1996)[3,0,7.6,97838]
14.12Monkeys[3,0,7.6,20839]
15.TheHungerGames(2012)[3,0,7.3,701607]
16.Superman(1978)[3,0,7.3,126357]
17.Lilo&Stitch(2002)[3,0,7.2,117212]
18.20,000LeaguesUndertheSea(1954)[3,0,7.2,22123]
19.A.I.ArtificialIntelligence(2001)[3,0,7.1,238747]
20.9(2009)[3,0,7.1,111117]
21.SeekingaFriendfortheEndoftheWorld(2012)[3,0,6.7,87203]
22.Revolution[3,0,6.7,72017]
23.MidnightSpecial(2016)[3,0,6.7,31359]
24.Six-StringSamurai(1998)[3,0,6.7,5613]
25.SpaceBattleshipYamato(2010)[3,0,6.1,4899]
26.ThePostman(1997)[3,0,6.0,56403]
27.Godzilla2000(1999)[3,0,6.0,5442]
28.Heroes[2,1,7.7,202115]
29.SuicideSquad(2016)[2,1,6.9,118992]
30.Dune(1984)[2,1,6.6,97087]
