1.ToyStory3(2010)[5,1,8.3,544884]
2.ToyStory2(1999)[5,1,7.9,385871]
3.InsideOut(2015)[5,0,8.3,345198]
4.Monsters,Inc.(2001)[5,0,8.1,585659]
5.Aladdin(1992)[5,0,8.0,260939]
6.Shrek(2001)[5,0,7.9,467113]
7.HowtoTrainYourDragon2(2014)[5,0,7.9,221128]
8.Tangled(2010)[5,0,7.8,294810]
9.TheLegoMovie(2014)[5,0,7.8,246698]
10.Frozen(2013)[5,0,7.6,421658]
11.MonstersUniversity(2013)[5,0,7.3,235025]
12.TheCroods(2013)[5,0,7.3,150618]
13.TheEmperor'sNewGroove(2000)[5,0,7.3,128285]
14.TheBookofLife(2014)[5,0,7.3,45580]
15.TheBraveLittleToaster(1987)[5,0,7.3,19650]
16.Shrek2(2004)[5,0,7.2,314630]
17.Brave(2012)[5,0,7.2,273556]
18.ABug'sLife(1998)[5,0,7.2,211226]
19.Lilo&Stitch(2002)[5,0,7.2,117212]
20.ArthurChristmas(2011)[5,0,7.1,35446]
